[22:47:30] [Client thread/INFO]: Setting user: Player61
[22:47:34] [Client thread/INFO]: LWJGL Version: 2.9.4
[22:47:38] [Client thread/INFO]: Reloading ResourceManager: Default, FMLFileResourcePack:Forge Mod Loader, FMLFileResourcePack:Minecraft Forge, FMLFileResourcePack:Example Mod
[22:47:39] [Sound Library Loader/INFO]: Starting up SoundSystem...
[22:47:39] [Thread-8/INFO]: Initializing LWJGL OpenAL
[22:47:39] [Thread-8/INFO]: (The LWJGL binding of OpenAL.  For more information, see http://www.lwjgl.org)
[22:47:39] [Thread-8/INFO]: OpenAL initialized.
[22:47:40] [Sound Library Loader/INFO]: Sound engine started
[22:47:43] [Client thread/INFO]: Created: 16x16 textures-atlas
[22:47:45] [Client thread/INFO]: Reloading ResourceManager: Default, FMLFileResourcePack:Forge Mod Loader, FMLFileResourcePack:Minecraft Forge, FMLFileResourcePack:Example Mod
[22:47:45] [Client thread/INFO]: SoundSystem shutting down...
[22:47:45] [Client thread/WARN]: Author: Paul Lamb, www.paulscode.com
[22:47:45] [Sound Library Loader/INFO]: Starting up SoundSystem...
[22:47:45] [Thread-10/INFO]: Initializing LWJGL OpenAL
[22:47:45] [Thread-10/INFO]: (The LWJGL binding of OpenAL.  For more information, see http://www.lwjgl.org)
[22:47:45] [Thread-10/INFO]: OpenAL initialized.
[22:47:45] [Sound Library Loader/INFO]: Sound engine started
[22:47:49] [Client thread/INFO]: Created: 512x512 textures-atlas
[22:47:50] [Realms Notification Availability checker #1/INFO]: Could not authorize you against Realms server: Invalid session id
[22:48:06] [Client thread/INFO]: Stopping!
[22:48:06] [Client thread/INFO]: SoundSystem shutting down...
[22:48:06] [Client thread/WARN]: Author: Paul Lamb, www.paulscode.com
